Arguments: 
  /Users/leo/.nvm/versions/node/v14.18.3/bin/node /usr/local/bin/yarn add -D @babel/preset-env @babl/cli @babel/node @babel/core

PATH: 
  /Users/leo/.nvm/versions/node/v14.18.3/bin:/Users/leo/.local/share/solana/install/active_release/bin:$PATH:/usr/local/bin:/usr/bin:/bin:/usr/sbin:/sbin:/Library/Apple/usr/bin:/Users/leo/.local/share/solana/install/active_release/bin:$PATH:/usr/local/bin:/usr/bin:/bin:/usr/sbin:/sbin:/Library/Apple/usr/bin

Yarn version: 
  1.22.17

Node version: 
  14.18.3

Platform: 
  darwin x64

Trace: 
  Error: https://registry.yarnpkg.com/@babl%2fcli: Not found
      at Request.params.callback [as _callback] (/usr/local/lib/node_modules/yarn/lib/cli.js:67029:18)
      at Request.self.callback (/usr/local/lib/node_modules/yarn/lib/cli.js:140883:22)
      at Request.emit (events.js:400:28)
      at Request.<anonymous> (/usr/local/lib/node_modules/yarn/lib/cli.js:141855:10)
      at Request.emit (events.js:400:28)
      at IncomingMessage.<anonymous> (/usr/local/lib/node_modules/yarn/lib/cli.js:141777:12)
      at Object.onceWrapper (events.js:519:28)
      at IncomingMessage.emit (events.js:412:35)
      at endReadableNT (internal/streams/readable.js:1334:12)
      at processTicksAndRejections (internal/process/task_queues.js:82:21)

npm manifest: 
  {
    "name": "task-manager",
    "version": "1.0.0",
    "description": "Personal API",
    "main": "index.js",
    "scripts": {
      "start": "node src/index.js",
      "dev": "env-cmd ./config/dev.env nodemon src/index.js",
      "test": "env-cmd ./config/test.env jest --watch"
    },
    "jest": {
      "testEnviroment": "node"
    },
    "keywords": [],
    "author": "mirairoad <accounts@mirairoad.com.au>",
    "license": "ISC",
    "dependencies": {
      "@sendgrid/mail": "^7.6.0",
      "bcryptjs": "^2.4.3",
      "dotenv": "^15.0.0",
      "express": "^4.17.2",
      "express-graphql": "^0.12.0",
      "graphql": "^16.3.0",
      "jest": "^27.4.5",
      "jsonwebtoken": "^8.5.1",
      "mongodb": "^4.2.1",
      "mongoose": "^5.13.13",
      "multer": "^1.4.4",
      "nodemon": "^2.0.15",
      "sendgrid": "^5.2.3",
      "sharp": "^0.29.3",
      "validator": "^13.7.0"
    },
    "devDependencies": {
      "env-cmd": "^8.0.2",
      "nodemon": "^2.0.15",
      "supertest": "^6.1.6"
    },
    "repository": "git@github.com:mirairoad/task-manager-api.git"
  }

yarn manifest: 
  No manifest

Lockfile: 
  No lockfile
